<?xml version="1.0" encoding="UTF-8"?>
<testsuite xmlns:xsi="http://www.w3.org/2001/XMLSchema-instance" xsi:noNamespaceSchemaLocation="https://maven.apache.org/surefire/maven-surefire-plugin/xsd/surefire-test-report-3.0.xsd" version="3.0" name="com.example.demo.DemoApplicationTests" time="74.387" tests="1" errors="0" skipped="0" failures="0">
  <properties>
[...]
</properties>
  <testcase name="contextLoads" classname="com.example.demo.DemoApplicationTests" time="1.787">
    <system-out><![CDATA[00:10:08.902 [main] INFO org.springframework.test.context.support.AnnotationConfigContextLoaderUtils -- Could not detect default configuration classes for test class [com.example.demo.DemoApplicationTests]: DemoApplicationTests does not declare any static, non-private, non-final, nested classes annotated with @Configuration.
00:10:09.231 [main] INFO org.springframework.boot.test.context.SpringBootTestContextBootstrapper -- Found @SpringBootConfiguration com.example.demo.DemoApplication for test class com.example.demo.DemoApplicationTests
00:10:09.612 [main] INFO org.springframework.boot.devtools.restart.RestartApplicationListener -- Restart disabled due to context in which it is running

  .   ____          _            __ _ _
 /\\ / ___'_ __ _ _(_)_ __  __ _ \ \ \ \
( ( )\___ | '_ | '_| | '_ \/ _` | \ \ \ \
 \\/  ___)| |_)| | | | | || (_| |  ) ) ) )
  '  |____| .__|_| |_|_| |_\__, | / / / /
 =========|_|==============|___/=/_/_/_/
 :: Spring Boot ::                (v3.2.4)

2024-05-27T00:10:10.400+07:00  INFO 11972 --- [           main] com.example.demo.DemoApplicationTests    : Starting DemoApplicationTests using Java 22 with PID 11972 (started by Hii in e:\basic_java\java_spring_boot\demo_303)
2024-05-27T00:10:10.407+07:00  INFO 11972 --- [           main] com.example.demo.DemoApplicationTests    : No active profile set, falling back to 1 default profile: "default"
2024-05-27T00:10:12.313+07:00  INFO 11972 --- [           main] .s.d.r.c.RepositoryConfigurationDelegate : Bootstrapping Spring Data JPA repositories in DEFAULT mode.
2024-05-27T00:10:12.545+07:00  INFO 11972 --- [           main] .s.d.r.c.RepositoryConfigurationDelegate : Finished Spring Data repository scanning in 220 ms. Found 9 JPA repository interfaces.
2024-05-27T00:10:14.569+07:00  INFO 11972 --- [           main] o.hibernate.jpa.internal.util.LogHelper  : HHH000204: Processing PersistenceUnitInfo [name: default]
2024-05-27T00:10:14.687+07:00  INFO 11972 --- [           main] org.hibernate.Version                    : HHH000412: Hibernate ORM core version 6.4.4.Final
2024-05-27T00:10:14.756+07:00  INFO 11972 --- [           main] o.h.c.internal.RegionFactoryInitiator    : HHH000026: Second-level cache disabled
2024-05-27T00:10:16.041+07:00  INFO 11972 --- [           main] o.s.o.j.p.SpringPersistenceUnitInfo      : No LoadTimeWeaver setup: ignoring JPA class transformer
2024-05-27T00:10:16.139+07:00  INFO 11972 --- [           main] com.zaxxer.hikari.HikariDataSource       : HikariPool-1 - Starting...
2024-05-27T00:10:21.121+07:00  INFO 11972 --- [           main] com.zaxxer.hikari.pool.HikariPool        : HikariPool-1 - Added connection org.postgresql.jdbc.PgConnection@1aac0a47
2024-05-27T00:10:21.125+07:00  INFO 11972 --- [           main] com.zaxxer.hikari.HikariDataSource       : HikariPool-1 - Start completed.
2024-05-27T00:10:24.414+07:00  INFO 11972 --- [           main] o.h.e.t.j.p.i.JtaPlatformInitiator       : HHH000489: No JTA platform available (set 'hibernate.transaction.jta.platform' to enable JTA platform integration)
2024-05-27T00:10:30.856+07:00  INFO 11972 --- [           main] j.LocalContainerEntityManagerFactoryBean : Initialized JPA EntityManagerFactory for persistence unit 'default'
2024-05-27T00:10:32.119+07:00  INFO 11972 --- [           main] o.s.d.j.r.query.QueryEnhancerFactory     : Hibernate is in classpath; If applicable, HQL parser will be used.
2024-05-27T00:10:35.948+07:00  WARN 11972 --- [           main] JpaBaseConfiguration$JpaWebConfiguration : spring.jpa.open-in-view is enabled by default. Therefore, database queries may be performed during view rendering. Explicitly configure spring.jpa.open-in-view to disable this warning
2024-05-27T00:10:36.740+07:00  WARN 11972 --- [           main] ion$DefaultTemplateResolverConfiguration : Cannot find template location: classpath:/templates/ (please add some templates, check your Thymeleaf configuration, or set spring.thymeleaf.check-template-location=false)
2024-05-27T00:11:20.890+07:00  INFO 11972 --- [           main] com.example.demo.DemoApplicationTests    : Started DemoApplicationTests in 71.305 seconds (process running for 74.392)
]]></system-out>
    <system-err><![CDATA[Failed to seed course Algorithms: This course id already exists.
Failed to seed course Computer Networks: This course id already exists.
Failed to seed course Introduction to Computer Science: This course id already exists.
Failed to seed course Web Development: This course id already exists.
Failed to seed course Computer Organization: This course id already exists.
Failed to seed course Software Engineering: This course id already exists.
Failed to seed course Artificial Intelligence: This course id already exists.
Failed to seed course Operating Systems: This course id already exists.
Failed to seed course Databases: This course id already exists.
Failed to seed course Data Structures: This course id already exists.
Failed to seed student student_100: This citizen identification already exists.
Failed to seed student student_37: This citizen identification already exists.
Failed to seed student student_65: This citizen identification already exists.
Failed to seed student student_73: This citizen identification already exists.
Failed to seed student student_99: This citizen identification already exists.
Failed to seed student student_68: This citizen identification already exists.
Failed to seed student student_81: This citizen identification already exists.
Failed to seed student student_90: This citizen identification already exists.
Failed to seed student student_93: This citizen identification already exists.
Failed to seed student student_5: This citizen identification already exists.
Failed to seed student student_88: This citizen identification already exists.
Failed to seed student student_77: This citizen identification already exists.
Failed to seed student student_42: This citizen identification already exists.
Failed to seed student student_70: This citizen identification already exists.
Failed to seed student student_25: This citizen identification already exists.
Failed to seed student student_92: This citizen identification already exists.
Failed to seed student student_34: This citizen identification already exists.
Failed to seed student student_16: This citizen identification already exists.
Failed to seed student student_29: This citizen identification already exists.
Failed to seed student student_22: This citizen identification already exists.
Failed to seed student student_87: This citizen identification already exists.
Failed to seed student student_59: This citizen identification already exists.
Failed to seed student student_48: This citizen identification already exists.
Failed to seed student student_38: This citizen identification already exists.
Failed to seed student student_62: This citizen identification already exists.
Failed to seed student student_31: This citizen identification already exists.
Failed to seed student student_50: This citizen identification already exists.
Failed to seed student student_60: This citizen identification already exists.
Failed to seed student student_54: This citizen identification already exists.
Failed to seed student student_14: This citizen identification already exists.
Failed to seed student student_46: This citizen identification already exists.
Failed to seed student student_52: This citizen identification already exists.
Failed to seed student student_98: This citizen identification already exists.
Failed to seed student student_53: This citizen identification already exists.
Failed to seed student student_10: This citizen identification already exists.
Failed to seed student student_18: This citizen identification already exists.
Failed to seed student student_83: This citizen identification already exists.
Failed to seed student student_43: This citizen identification already exists.
Failed to seed student student_9: This citizen identification already exists.
Failed to seed student student_69: This citizen identification already exists.
Failed to seed student student_6: This citizen identification already exists.
Failed to seed student student_94: This citizen identification already exists.
Failed to seed student student_97: This citizen identification already exists.
Failed to seed student student_33: This citizen identification already exists.
Failed to seed student student_45: This citizen identification already exists.
Failed to seed student student_78: This citizen identification already exists.
Failed to seed student student_27: This citizen identification already exists.
Failed to seed student student_56: This citizen identification already exists.
Failed to seed student student_66: This citizen identification already exists.
Failed to seed student student_84: This citizen identification already exists.
Failed to seed student student_64: This citizen identification already exists.
Failed to seed student student_91: This citizen identification already exists.
Failed to seed student student_39: This citizen identification already exists.
Failed to seed student student_20: This citizen identification already exists.
Failed to seed student student_8: This citizen identification already exists.
Failed to seed student student_74: This citizen identification already exists.
Failed to seed student student_12: This citizen identification already exists.
Failed to seed student student_55: This citizen identification already exists.
Failed to seed student student_32: This citizen identification already exists.
Failed to seed student student_24: This citizen identification already exists.
Failed to seed student student_49: This citizen identification already exists.
Failed to seed student student_7: This citizen identification already exists.
Failed to seed student student_4: This citizen identification already exists.
Failed to seed student student_15: This citizen identification already exists.
Failed to seed student student_36: This citizen identification already exists.
Failed to seed student student_47: This citizen identification already exists.
Failed to seed student student_28: This citizen identification already exists.
Failed to seed student student_58: This citizen identification already exists.
Failed to seed student student_86: This citizen identification already exists.
Failed to seed student student_71: This citizen identification already exists.
Failed to seed student student_82: This citizen identification already exists.
Failed to seed student student_51: This citizen identification already exists.
Failed to seed student student_75: This citizen identification already exists.
Failed to seed student student_35: This citizen identification already exists.
Failed to seed student student_85: This citizen identification already exists.
Failed to seed student student_21: This citizen identification already exists.
Failed to seed student student_95: This citizen identification already exists.
Failed to seed student student_79: This citizen identification already exists.
Failed to seed student student_61: This citizen identification already exists.
Failed to seed student student_3: This citizen identification already exists.
Failed to seed student student_63: This citizen identification already exists.
Failed to seed student student_89: This citizen identification already exists.
Failed to seed student student_67: This citizen identification already exists.
Failed to seed student student_23: This citizen identification already exists.
Failed to seed student student_19: This citizen identification already exists.
Failed to seed student student_30: This citizen identification already exists.
Failed to seed student student_72: This citizen identification already exists.
Failed to seed student student_13: This citizen identification already exists.
Failed to seed student student_41: This citizen identification already exists.
Failed to seed student student_11: This citizen identification already exists.
Failed to seed student student_76: This citizen identification already exists.
Failed to seed student student_1: This citizen identification already exists.
Failed to seed student student_80: This citizen identification already exists.
Failed to seed student student_57: This citizen identification already exists.
Failed to seed student student_96: This citizen identification already exists.
Failed to seed student student_40: This citizen identification already exists.
Failed to seed student student_44: This citizen identification already exists.
Failed to seed student student_17: This citizen identification already exists.
Failed to seed student student_2: This citizen identification already exists.
Failed to seed student student_26: This citizen identification already exists.
Failed to seed teacher Teacher30: This citizen identification already exists.
Failed to seed teacher Teacher40: This citizen identification already exists.
Failed to seed teacher Teacher26: This citizen identification already exists.
Failed to seed teacher Teacher29: This citizen identification already exists.
Failed to seed teacher Teacher43: This citizen identification already exists.
Failed to seed teacher Teacher4: This citizen identification already exists.
Failed to seed teacher Teacher51: This citizen identification already exists.
Failed to seed teacher Teacher20: This citizen identification already exists.
Failed to seed teacher Teacher58: This citizen identification already exists.
Failed to seed teacher Teacher44: This citizen identification already exists.
Failed to seed teacher Teacher50: This citizen identification already exists.
Failed to seed teacher Teacher38: This citizen identification already exists.
Failed to seed teacher Teacher11: This citizen identification already exists.
Failed to seed teacher Teacher25: This citizen identification already exists.
Failed to seed teacher Teacher33: This citizen identification already exists.
Failed to seed teacher Teacher35: This citizen identification already exists.
Failed to seed teacher Teacher2: This citizen identification already exists.
Failed to seed teacher Teacher32: This citizen identification already exists.
Failed to seed teacher Teacher10: This citizen identification already exists.
Failed to seed teacher Teacher36: This citizen identification already exists.
Failed to seed teacher Teacher3: This citizen identification already exists.
Failed to seed teacher Teacher45: This citizen identification already exists.
Failed to seed teacher Teacher1: This citizen identification already exists.
Failed to seed teacher Teacher52: This citizen identification already exists.
Failed to seed teacher Teacher6: This citizen identification already exists.
Failed to seed teacher Teacher18: This citizen identification already exists.
Failed to seed teacher Teacher60: This citizen identification already exists.
Failed to seed teacher Teacher7: This citizen identification already exists.
Failed to seed teacher Teacher19: This citizen identification already exists.
Failed to seed teacher Teacher8: This citizen identification already exists.
Failed to seed teacher Teacher12: This citizen identification already exists.
Failed to seed teacher Teacher27: This citizen identification already exists.
Failed to seed teacher Teacher24: This citizen identification already exists.
Failed to seed teacher Teacher22: This citizen identification already exists.
Failed to seed teacher Teacher9: This citizen identification already exists.
Failed to seed teacher Teacher14: This citizen identification already exists.
Failed to seed teacher Teacher46: This citizen identification already exists.
Failed to seed teacher Teacher23: This citizen identification already exists.
Failed to seed teacher Teacher13: This citizen identification already exists.
Failed to seed teacher Teacher28: This citizen identification already exists.
Failed to seed teacher Teacher34: This citizen identification already exists.
Failed to seed teacher Teacher48: This citizen identification already exists.
Failed to seed teacher Teacher57: This citizen identification already exists.
Failed to seed teacher Teacher15: This citizen identification already exists.
Failed to seed teacher Teacher42: This citizen identification already exists.
Failed to seed teacher Teacher47: This citizen identification already exists.
Failed to seed teacher Teacher39: This citizen identification already exists.
Failed to seed teacher Teacher5: This citizen identification already exists.
Failed to seed teacher Teacher41: This citizen identification already exists.
Failed to seed teacher Teacher54: This citizen identification already exists.
Failed to seed teacher Teacher17: This citizen identification already exists.
Failed to seed teacher Teacher16: This citizen identification already exists.
Failed to seed teacher Teacher55: This citizen identification already exists.
Failed to seed teacher Teacher37: This citizen identification already exists.
Failed to seed teacher Teacher59: This citizen identification already exists.
Failed to seed teacher Teacher31: This citizen identification already exists.
Failed to seed teacher Teacher21: This citizen identification already exists.
Failed to seed teacher Teacher53: This citizen identification already exists.
Failed to seed teacher Teacher56: This citizen identification already exists.
Failed to seed teacher Teacher49: This citizen identification already exists.
Failed to seed admin Admin6: This citizen identification already exists.
Failed to seed admin Admin2: This citizen identification already exists.
Failed to seed admin Admin9: This citizen identification already exists.
Failed to seed admin Admin4: This citizen identification already exists.
Failed to seed admin Admin8: This citizen identification already exists.
Failed to seed admin Admin3: This citizen identification already exists.
Failed to seed admin Admin5: This citizen identification already exists.
Failed to seed admin Admin7: This citizen identification already exists.
Failed to seed admin Admin10: This citizen identification already exists.
Failed to seed admin Admin1: This citizen identification already exists.
WARNING: A Java agent has been loaded dynamically (C:\Users\Hii\.m2\repository\net\bytebuddy\byte-buddy-agent\1.14.12\byte-buddy-agent-1.14.12.jar)
WARNING: If a serviceability tool is in use, please run with -XX:+EnableDynamicAgentLoading to hide this warning
WARNING: If a serviceability tool is not in use, please run with -Djdk.instrument.traceUsage for more information
WARNING: Dynamic loading of agents will be disallowed by default in a future release
]]></system-err>
  </testcase>
</testsuite>